<?xml version="1.0" encoding="UTF-8"?>
<!-- Generated by org.testng.reporters.JUnitXMLReporter -->
<testsuite hostname="LAP-45302Technology" ignored="0" name="ProductSuite" tests="1" failures="0" timestamp="2022-04-18T17:49:45 IST" time="0.035" errors="0">
  <testcase name="@BeforeSuite setUpSuite" time="5.217" classname="Base.ReportBaseClass">
    <failure type="org.json.JSONException" message="JSONObject[&amp;quot;uc_colour&amp;quot;] is not a string.">
      <![CDATA[org.json.JSONException: JSONObject["uc_colour"] is not a string.
at org.json.JSONObject.wrongValueFormatException(JSONObject.java:2628)
at org.json.JSONObject.getString(JSONObject.java:863)
at utilsCommonClass.LoanStockList.getLoanStock(LoanStockList.java:79)
at Base.ReportBaseClass.setUpSuite(ReportBaseClass.java:76)
... Removed 19 stack frames]]>
    </failure>
  </testcase> <!-- @BeforeSuite setUpSuite -->
  <testcase name="@AfterMethod tearDownMethod" time="-1.650284385027E9" classname="Base.ReportBaseClass">
    <skipped/>
  </testcase> <!-- @AfterMethod tearDownMethod -->
  <testcase name="@AfterTest tearDown" time="-1.650284385032E9" classname="Base.ReportBaseClass">
    <skipped/>
  </testcase> <!-- @AfterTest tearDown -->
  <testcase name="testMultiQuote" time="0.0" classname="utilsRunner.TestMultiQuote">
    <skipped/>
  </testcase> <!-- testMultiQuote -->
</testsuite> <!-- ProductSuite -->
